#
# There is insufficient memory for the Java Runtime Environment to continue.
# Native memory allocation (malloc) failed to allocate 32744 bytes for ChunkPool::allocate
# Possible reasons:
#   The system is out of physical RAM or swap space
#   The process is running with CompressedOops enabled, and the Java Heap may be blocking the growth of the native heap
# Possible solutions:
#   Reduce memory load on the system
#   Increase physical memory or swap space
#   Check if swap backing store is full
#   Decrease Java heap size (-Xmx/-Xms)
#   Decrease number of Java threads
#   Decrease Java thread stack sizes (-Xss)
#   Set larger code cache with -XX:ReservedCodeCacheSize=
#   JVM is running with Zero Based Compressed Oops mode in which the Java heap is
#     placed in the first 32GB address space. The Java Heap base address is the
#     maximum limit for the native heap growth. Please use -XX:HeapBaseMinAddress
#     to set the Java Heap base and to place the Java Heap above 32GB virtual address.
# This output file may be truncated or incomplete.
#
#  Out of Memory Error (allocation.cpp:272), pid=17288, tid=0x0000000000003ba8
#
# JRE version: OpenJDK Runtime Environment (8.0_312-b07) (build 1.8.0_312-b07)
# Java VM: OpenJDK 64-Bit Server VM (25.312-b07 mixed mode windows-amd64 compressed oops)
# Failed to write core dump. Minidumps are not enabled by default on client versions of Windows
#

---------------  T H R E A D  ---------------

Current thread (0x0000022824c0d000):  JavaThread "C1 CompilerThread3" daemon [_thread_in_native, id=15272, stack(0x000000b07a700000,0x000000b07a800000)]

Stack: [0x000000b07a700000,0x000000b07a800000]
[error occurred during error reporting (printing stack bounds), id 0xc0000005]

Native frames: (J=compiled Java code, j=interpreted, Vv=VM code, C=native code)


Current CompileTask:
C1:    211  125       3       sun.nio.cs.UTF_8$Decoder::decodeArrayLoop (691 bytes)


---------------  P R O C E S S  ---------------

Java Threads: ( => current thread )
  0x0000022822dad800 JavaThread "Service Thread" daemon [_thread_blocked, id=14696, stack(0x000000b07a800000,0x000000b07a900000)]
=>0x0000022824c0d000 JavaThread "C1 CompilerThread3" daemon [_thread_in_native, id=15272, stack(0x000000b07a700000,0x000000b07a800000)]
  0x0000022824c01000 JavaThread "C2 CompilerThread2" daemon [_thread_blocked, id=15184, stack(0x000000b07a600000,0x000000b07a700000)]
  0x0000022824bfc000 JavaThread "C2 CompilerThread1" daemon [_thread_blocked, id=15296, stack(0x000000b07a500000,0x000000b07a600000)]
  0x0000022824bf9000 JavaThread "C2 CompilerThread0" daemon [_thread_blocked, id=15260, stack(0x000000b07a400000,0x000000b07a500000)]
  0x0000022824bf0000 JavaThread "Monitor Ctrl-Break" daemon [_thread_in_native, id=11756, stack(0x000000b07a300000,0x000000b07a400000)]
  0x0000022822d35000 JavaThread "Attach Listener" daemon [_thread_blocked, id=16336, stack(0x000000b07a200000,0x000000b07a300000)]
  0x0000022822d33000 JavaThread "Signal Dispatcher" daemon [_thread_blocked, id=16352, stack(0x000000b07a100000,0x000000b07a200000)]
  0x0000022822d0a800 JavaThread "Finalizer" daemon [_thread_blocked, id=15732, stack(0x000000b07a000000,0x000000b07a100000)]
  0x0000022822d03800 JavaThread "Reference Handler" daemon [_thread_blocked, id=13360, stack(0x000000b079f00000,0x000000b07a000000)]

Other Threads:
  0x0000022822cda000 VMThread [stack: 0x000000b079e00000,0x000000b079f00000] [id=13368]
  0x0000022822dae800 WatcherThread [stack: 0x000000b07a900000,0x000000b07aa00000] [id=15292]

VM state:not at safepoint (normal execution)

VM Mutex/Monitor currently owned by a thread: None

OutOfMemory and StackOverflow Exception counts:
OutOfMemoryError java_heap_errors=2

heap address: 0x00000006c2600000, size: 4058 MB, Compressed Oops mode: Zero based, Oop shift amount: 3
Narrow klass base: 0x0000000000000000, Narrow klass shift: 3
Compressed class space size: 1073741824 Address: 0x00000007c0000000

Heap:
 PSYoungGen      total 75776K, used 7815K [0x000000076b780000, 0x0000000770c00000, 0x00000007c0000000)
  eden space 65024K, 12% used [0x000000076b780000,0x000000076bf21d80,0x000000076f700000)
  from space 10752K, 0% used [0x0000000770180000,0x0000000770180000,0x0000000770c00000)
  to   space 10752K, 0% used [0x000000076f700000,0x000000076f700000,0x0000000770180000)
 ParOldGen       total 173568K, used 0K [0x00000006c2600000, 0x00000006ccf80000, 0x000000076b780000)
  object space 173568K, 0% used [0x00000006c2600000,0x00000006c2600000,0x00000006ccf80000)
 Metaspace       used 3553K, capacity 4672K, committed 4864K, reserved 1056768K
  class space    used 384K, capacity 428K, committed 512K, reserved 1048576K

Card table byte_map: [0x0000022818e60000,0x0000022819650000] byte_map_base: 0x000002281584d000

Marking Bits: (ParMarkBitMap*) 0x0000000069541860
 Begin Bits: [0x0000022819ba0000, 0x000002281db08000)
 End Bits:   [0x000002281db08000, 0x0000022821a70000)

Polling page: 0x00000228082c0000

CodeCache: size=245760Kb used=1300Kb max_used=1312Kb free=244459Kb
 bounds [0x0000022809aa0000, 0x0000022809d10000, 0x0000022818aa0000]
 total_blobs=382 nmethods=122 adapters=173
 compilation: enabled

Compilation events (10 events):
Event: 0.204 Thread 0x0000022824c0d000 nmethod 118 0x0000022809be1b10 code [0x0000022809be1c60, 0x0000022809be1d58]
Event: 0.205 Thread 0x0000022824c0d000  119       1       java.net.URL::getPort (5 bytes)
Event: 0.205 Thread 0x0000022824c0d000 nmethod 119 0x0000022809be1dd0 code [0x0000022809be1f20, 0x0000022809be2038]
Event: 0.205 Thread 0x0000022824c0d000  120       3       java.lang.String::toCharArray (25 bytes)
Event: 0.205 Thread 0x0000022824c0d000 nmethod 120 0x0000022809be2090 code [0x0000022809be2200, 0x0000022809be2490]
Event: 0.205 Thread 0x0000022824c0d000  121   !   3       java.util.concurrent.ConcurrentHashMap::putVal (362 bytes)
Event: 0.206 Thread 0x0000022824bfc000  124       4       java.lang.StringBuilder::append (8 bytes)
Event: 0.207 Thread 0x0000022824c0d000 nmethod 121 0x0000022809be2550 code [0x0000022809be2800, 0x0000022809be41e0]
Event: 0.207 Thread 0x0000022824c0d000  125       3       sun.nio.cs.UTF_8$Decoder::decodeArrayLoop (691 bytes)
Event: 0.209 Thread 0x0000022824bfc000 nmethod 124 0x0000022809be7d90 code [0x0000022809be7ee0, 0x0000022809be8228]

GC Heap History (0 events):
No events

Deoptimization events (0 events):
No events

Classes redefined (0 events):
No events

Internal exceptions (5 events):
Event: 0.048 Thread 0x000002280813a000 Exception <a 'java/lang/NoSuchMethodError': Method sun.misc.Unsafe.defineClass(Ljava/lang/String;[BII)Ljava/lang/Class; name or signature does not match> (0x000000076b788288) thrown at [C:\wsjdk\Corretto8Src\installers\windows\zip\corretto-build\buildRoot
Event: 0.048 Thread 0x000002280813a000 Exception <a 'java/lang/NoSuchMethodError': Method sun.misc.Unsafe.prefetchRead(Ljava/lang/Object;J)V name or signature does not match> (0x000000076b788570) thrown at [C:\wsjdk\Corretto8Src\installers\windows\zip\corretto-build\buildRoot\src\hotspot\src\s
Event: 0.132 Thread 0x000002280813a000 Exception <a 'java/util/zip/ZipException'> (0x000000076b8275e8) thrown at [C:\wsjdk\Corretto8Src\installers\windows\zip\corretto-build\buildRoot\src\hotspot\src\share\vm\prims\jni.cpp, line 711]
Event: 0.132 Thread 0x000002280813a000 Exception <a 'java/security/PrivilegedActionException'> (0x000000076b827d28) thrown at [C:\wsjdk\Corretto8Src\installers\windows\zip\corretto-build\buildRoot\src\hotspot\src\share\vm\prims\jvm.cpp, line 1523]
Event: 0.132 Thread 0x000002280813a000 Exception <a 'java/security/PrivilegedActionException'> (0x000000076b827f38) thrown at [C:\wsjdk\Corretto8Src\installers\windows\zip\corretto-build\buildRoot\src\hotspot\src\share\vm\prims\jvm.cpp, line 1523]

Events (10 events):
Event: 0.203 loading class org/apache/maven/cli/MavenCli$ExitException
Event: 0.203 loading class org/apache/maven/cli/MavenCli$ExitException done
Event: 0.203 loading class org/apache/commons/cli/UnrecognizedOptionException
Event: 0.203 loading class org/apache/commons/cli/UnrecognizedOptionException done
Event: 0.204 loading class org/apache/commons/cli/ParseException
Event: 0.204 loading class org/apache/commons/cli/ParseException done
Event: 0.205 loading class org/apache/maven/BuildAbort
Event: 0.205 loading class org/apache/maven/BuildAbort done
Event: 0.205 loading class org/codehaus/plexus/PlexusContainer
Event: 0.205 loading class org/codehaus/plexus/PlexusContainer done


Dynamic libraries:
0x00007ff76a840000 - 0x00007ff76a87a000 	C:\Users\rasd\.jdks\corretto-1.8.0_312\bin\java.exe
0x00007ffbee990000 - 0x00007ffbeeb85000 	C:\WINDOWS\SYSTEM32\ntdll.dll
0x00007ffbed540000 - 0x00007ffbed5fe000 	C:\WINDOWS\System32\KERNEL32.DLL
0x00007ffbec0e0000 - 0x00007ffbec3a8000 	C:\WINDOWS\System32\KERNELBASE.dll
0x00007ffbed490000 - 0x00007ffbed53c000 	C:\WINDOWS\System32\ADVAPI32.dll
0x00007ffbee020000 - 0x00007ffbee0be000 	C:\WINDOWS\System32\msvcrt.dll
0x00007ffbee8b0000 - 0x00007ffbee94b000 	C:\WINDOWS\System32\sechost.dll
0x00007ffbedd10000 - 0x00007ffbede3a000 	C:\WINDOWS\System32\RPCRT4.dll
0x00007ffbecf70000 - 0x00007ffbed111000 	C:\WINDOWS\System32\USER32.dll
0x00007ffbec0b0000 - 0x00007ffbec0d2000 	C:\WINDOWS\System32\win32u.dll
0x00007ffbee130000 - 0x00007ffbee15b000 	C:\WINDOWS\System32\GDI32.dll
0x00007ffbec5b0000 - 0x00007ffbec6bb000 	C:\WINDOWS\System32\gdi32full.dll
0x00007ffbec6c0000 - 0x00007ffbec75d000 	C:\WINDOWS\System32\msvcp_win.dll
0x00007ffbec3b0000 - 0x00007ffbec4b0000 	C:\WINDOWS\System32\ucrtbase.dll
0x00007ffbd1770000 - 0x00007ffbd1a0a000 	C:\WINDOWS\WinSxS\amd64_microsoft.windows.common-controls_6595b64144ccf1df_6.0.19041.1110_none_60b5254171f9507e\COMCTL32.dll
0x00007ffbede40000 - 0x00007ffbede70000 	C:\WINDOWS\System32\IMM32.DLL
0x00007ffb94790000 - 0x00007ffb9487f000 	C:\Users\rasd\.jdks\corretto-1.8.0_312\jre\bin\msvcr120.dll
0x00007ffb946e0000 - 0x00007ffb94786000 	C:\Users\rasd\.jdks\corretto-1.8.0_312\jre\bin\msvcp120.dll
0x0000000068d50000 - 0x00000000695c0000 	C:\Users\rasd\.jdks\corretto-1.8.0_312\jre\bin\server\jvm.dll
0x00007ffbedd00000 - 0x00007ffbedd08000 	C:\WINDOWS\System32\PSAPI.DLL
0x00007ffbdf910000 - 0x00007ffbdf91a000 	C:\WINDOWS\SYSTEM32\VERSION.dll
0x00007ffbd3c00000 - 0x00007ffbd3c09000 	C:\WINDOWS\SYSTEM32\WSOCK32.dll
0x00007ffbc8450000 - 0x00007ffbc8477000 	C:\WINDOWS\SYSTEM32\WINMM.dll
0x00007ffbee0c0000 - 0x00007ffbee12b000 	C:\WINDOWS\System32\WS2_32.dll
0x00007ffbe4f10000 - 0x00007ffbe4f1f000 	C:\Users\rasd\.jdks\corretto-1.8.0_312\jre\bin\verify.dll
0x00007ffbbec30000 - 0x00007ffbbec59000 	C:\Users\rasd\.jdks\corretto-1.8.0_312\jre\bin\java.dll
0x00007ffbba980000 - 0x00007ffbba9aa000 	C:\Users\rasd\.jdks\corretto-1.8.0_312\jre\bin\instrument.dll
0x00007ffbbcc00000 - 0x00007ffbbcc16000 	C:\Users\rasd\.jdks\corretto-1.8.0_312\jre\bin\zip.dll
0x00007ffbee160000 - 0x00007ffbee89f000 	C:\WINDOWS\System32\SHELL32.dll
0x00007ffbea040000 - 0x00007ffbea7d0000 	C:\WINDOWS\SYSTEM32\windows.storage.dll
0x00007ffbed610000 - 0x00007ffbed965000 	C:\WINDOWS\System32\combase.dll
0x00007ffbeba10000 - 0x00007ffbeba3e000 	C:\WINDOWS\SYSTEM32\Wldp.dll
0x00007ffbed300000 - 0x00007ffbed3ad000 	C:\WINDOWS\System32\SHCORE.dll
0x00007ffbeda40000 - 0x00007ffbeda95000 	C:\WINDOWS\System32\shlwapi.dll
0x00007ffbebff0000 - 0x00007ffbec00f000 	C:\WINDOWS\SYSTEM32\profapi.dll
0x00007ffbc4300000 - 0x00007ffbc431a000 	C:\Program Files\JetBrains\IntelliJ IDEA Community Edition 2021.1.3\bin\breakgen64.dll
0x00007ffbbcad0000 - 0x00007ffbbcaea000 	C:\Users\rasd\.jdks\corretto-1.8.0_312\jre\bin\net.dll
0x00007ffbeb790000 - 0x00007ffbeb7fa000 	C:\WINDOWS\system32\mswsock.dll

VM Arguments:
jvm_args: -Dmaven.multiModuleProjectDirectory=C:\PersonalProjects\Java\spring-microservices\department-service -Dmaven.home=C:\Program Files\JetBrains\IntelliJ IDEA Community Edition 2021.1.3\plugins\maven\lib\maven3 -Dclassworlds.conf=C:\Program Files\JetBrains\IntelliJ IDEA Community Edition 2021.1.3\plugins\maven\lib\maven3\bin\m2.conf -Dmaven.ext.class.path=C:\Program Files\JetBrains\IntelliJ IDEA Community Edition 2021.1.3\plugins\maven\lib\maven-event-listener.jar -javaagent:C:\Program Files\JetBrains\IntelliJ IDEA Community Edition 2021.1.3\lib\idea_rt.jar=59576:C:\Program Files\JetBrains\IntelliJ IDEA Community Edition 2021.1.3\bin -Dfile.encoding=UTF-8 
java_command: org.codehaus.classworlds.Launcher -Didea.version=2021.2.3 test
java_class_path (initial): C:\Program Files\JetBrains\IntelliJ IDEA Community Edition 2021.1.3\plugins\maven\lib\maven3\boot\plexus-classworlds-2.6.0.jar;C:\Program Files\JetBrains\IntelliJ IDEA Community Edition 2021.1.3\plugins\maven\lib\maven3\boot\plexus-classworlds.license;C:\Program Files\JetBrains\IntelliJ IDEA Community Edition 2021.1.3\lib\idea_rt.jar
Launcher Type: SUN_STANDARD

Environment Variables:
JAVA_HOME=C:\Program Files\Java\jdk-16.0.2
PATH=C:\Program Files\Common Files\Oracle\Java\javapath;C:\WINDOWS\system32;C:\WINDOWS;C:\WINDOWS\System32\Wbem;C:\WINDOWS\System32\WindowsPowerShell\v1.0\;C:\WINDOWS\System32\OpenSSH\;C:\Program Files (x86)\Plantronics\Spokes3G\;C:\Program Files\nodejs\;C:\Program Files\Amazon\AWSCLIV2\;C:\Program Files\PuTTY\;C:\Program Files\Docker\Docker\resources\bin;C:\ProgramData\DockerDesktop\version-bin;C:\Program Files\Git\cmd;C:\Users\rasd\AppData\Local\Microsoft\WindowsApps;C:\Users\rasd\AppData\Roaming\npm;C:\Users\rasd\AppData\Local\Programs\Microsoft VS Code\bin;C:\Users\rasd\AppData\Local\Google\Cloud SDK\google-cloud-sdk\bin;C:\Users\rasd\AppData\Local\Packages\PythonSoftwareFoundation.Python.3.9_qbz5n2kfra8p0\LocalCache\local-packages\Python39\Scripts;C:\maven\bin;C:\terraform;;C:\Users\rasd\AppData\Local\Programs\Hyper\resources\bin
USERNAME=rasd
OS=Windows_NT
PROCESSOR_IDENTIFIER=Intel64 Family 6 Model 142 Stepping 12, GenuineIntel



---------------  S Y S T E M  ---------------

OS: Windows 10.0 , 64 bit Build 19041 (10.0.19041.1348)

CPU:total 8 (initial active 8) (4 cores per cpu, 2 threads per core) family 6 model 142 stepping 12, cmov, cx8, fxsr, mmx, sse, sse2, sse3, ssse3, sse4.1, sse4.2, popcnt, avx, avx2, aes, clmul, erms, 3dnowpref, lzcnt, ht, tsc, tscinvbit, bmi1, bmi2, adx

Memory: 4k page, physical 16620632k(3699996k free), swap 17669208k(3108k free)

vm_info: OpenJDK 64-Bit Server VM (25.312-b07) for windows-amd64 JRE (1.8.0_312-b07), built on Oct 14 2021 21:08:49 by "Administrator" with MS VC++ 12.0 (VS2013)

time: Mon Nov 29 14:41:42 2021
timezone: E. South America Standard Time
elapsed time: 0.216504 seconds (0d 0h 0m 0s)

